2025-12-02 01:23:35 UTC | Tuesday | "Your time is limited, so don't waste it living someone else's life."
2025-12-04 01:23:59 UTC | Thursday | "Every day may not be good, but there is something good in every day."
2025-12-05 01:24:21 UTC | Friday | "The only limit to our realization of tomorrow will be our doubts of today."
2025-12-06 01:20:02 UTC | Saturday | "Programming is like writing a book, except if you miss a single comma on page 126, the whole thing makes no sense."
2025-12-08 02:04:16 UTC | Monday | "You miss 100% of the shots you don't take."
2025-12-09 02:03:12 UTC | Tuesday | "The early bird gets the worm, but the second mouse gets the cheese."
2025-12-10 02:05:14 UTC | Wednesday | "The journey of a thousand miles begins with one step."
2025-12-11 02:06:46 UTC | Thursday | "The mind is everything. What you think you become."
2025-12-12 02:06:31 UTC | Friday | "You miss 100% of the shots you don't take."
2025-12-13 01:59:42 UTC | Saturday | "Every day may not be good, but there is something good in every day."
2025-12-14 02:18:55 UTC | Sunday | "Every day may not be good, but there is something good in every day."
2025-12-15 02:10:27 UTC | Monday | "The purpose of our lives is to be happy."
2025-12-16 02:07:15 UTC | Tuesday | "Life is what happens to you while you're busy making other plans."
2025-12-17 02:02:05 UTC | Wednesday | "The early bird gets the worm, but the second mouse gets the cheese."
2025-12-18 02:03:12 UTC | Thursday | "The purpose of our lives is to be happy."
2025-12-19 02:06:17 UTC | Friday | "The future belongs to those who believe in the beauty of their dreams."
2025-12-20 01:59:26 UTC | Saturday | "The mind is everything. What you think you become."
2025-12-21 02:18:48 UTC | Sunday | "Don't watch the clock; do what it does. Keep going."
2025-12-22 02:11:57 UTC | Monday | "Life is what happens to you while you're busy making other plans."
2025-12-23 02:07:15 UTC | Tuesday | "It always seems impossible until it's done."
2025-12-24 02:05:30 UTC | Wednesday | "The only limit to our realization of tomorrow will be our doubts of today."
2025-12-25 02:07:23 UTC | Thursday | "You miss 100% of the shots you don't take."
2025-12-26 02:06:35 UTC | Friday | "In a world where you can be anything, be kind."
2025-12-27 02:04:17 UTC | Saturday | "The only limit to our realization of tomorrow will be our doubts of today."
2025-12-28 02:24:57 UTC | Sunday | "Simplicity is the ultimate sophistication."
2025-12-29 02:22:53 UTC | Monday | "Stay hungry, stay foolish."
2025-12-30 02:07:59 UTC | Tuesday | "It always seems impossible until it's done."
2025-12-31 02:08:26 UTC | Wednesday | "Your time is limited, so don't waste it living someone else's life."
2026-01-01 02:25:44 UTC | Thursday | "The mind is everything. What you think you become."
2026-01-02 02:10:12 UTC | Friday | "It always seems impossible until it's done."
2026-01-03 02:03:37 UTC | Saturday | "You miss 100% of the shots you don't take."
2026-01-04 02:26:34 UTC | Sunday | "The mind is everything. What you think you become."
2026-01-05 02:26:15 UTC | Monday | "Don't watch the clock; do what it does. Keep going."
2026-01-06 02:09:40 UTC | Tuesday | "The mind is everything. What you think you become."
2026-01-07 02:09:30 UTC | Wednesday | "Life is what happens to you while you're busy making other plans."
2026-01-08 02:09:36 UTC | Thursday | "The greatest glory in living lies not in never falling, but in rising every time we fall."
2026-01-09 02:10:51 UTC | Friday | "Be the change that you wish to see in the world."
2026-01-10 02:06:43 UTC | Saturday | "The mind is everything. What you think you become."
2026-01-11 02:26:18 UTC | Sunday | "The purpose of our lives is to be happy."
2026-01-12 02:22:19 UTC | Monday | "The only way to do great work is to love what you do."
2026-01-13 02:07:32 UTC | Tuesday | "Stay hungry, stay foolish."
2026-01-14 02:21:12 UTC | Wednesday | "The journey of a thousand miles begins with one step."
2026-01-15 02:09:22 UTC | Thursday | "Your time is limited, so don't waste it living someone else's life."
2026-01-16 02:11:24 UTC | Friday | "The best time to plant a tree was 20 years ago. The second best time is now."
2026-01-17 02:05:05 UTC | Saturday | "The mind is everything. What you think you become."
2026-01-18 02:25:16 UTC | Sunday | "You miss 100% of the shots you don't take."
2026-01-19 02:22:45 UTC | Monday | "You miss 100% of the shots you don't take."
2026-01-20 02:11:26 UTC | Tuesday | "The only limit to our realization of tomorrow will be our doubts of today."
2026-01-21 02:20:42 UTC | Wednesday | "The purpose of our lives is to be happy."
2026-01-22 02:21:37 UTC | Thursday | "Stay hungry, stay foolish."
2026-01-23 02:11:22 UTC | Friday | "In a world where you can be anything, be kind."
2026-01-24 02:07:27 UTC | Saturday | "The early bird gets the worm, but the second mouse gets the cheese."
2026-01-25 02:28:49 UTC | Sunday | "Your time is limited, so don't waste it living someone else's life."
2026-01-26 02:27:54 UTC | Monday | "In a world where you can be anything, be kind."
2026-01-27 02:24:07 UTC | Tuesday | "Life is what happens to you while you're busy making other plans."
2026-01-28 02:20:03 UTC | Wednesday | "In a world where you can be anything, be kind."
2026-01-29 02:36:26 UTC | Thursday | "Programming is like writing a book, except if you miss a single comma on page 126, the whole thing makes no sense."
2026-01-30 02:36:41 UTC | Friday | "Life is what happens to you while you're busy making other plans."
2026-01-31 02:31:55 UTC | Saturday | "The mind is everything. What you think you become."
2026-02-01 03:13:40 UTC | Sunday | "The only limit to our realization of tomorrow will be our doubts of today."
2026-02-02 02:46:54 UTC | Monday | "In a world where you can be anything, be kind."
2026-02-03 02:43:16 UTC | Tuesday | "The future belongs to those who believe in the beauty of their dreams."
2026-02-04 02:37:36 UTC | Wednesday | "The only limit to our realization of tomorrow will be our doubts of today."
2026-02-05 02:39:53 UTC | Thursday | "Stay hungry, stay foolish."
2026-02-06 02:40:13 UTC | Friday | "It always seems impossible until it's done."
2026-02-07 02:35:00 UTC | Saturday | "Your time is limited, so don't waste it living someone else's life."
2026-02-08 03:18:54 UTC | Sunday | "Programming is like writing a book, except if you miss a single comma on page 126, the whole thing makes no sense."
2026-02-09 02:47:45 UTC | Monday | "Don't watch the clock; do what it does. Keep going."
2026-02-10 02:56:03 UTC | Tuesday | "The best time to plant a tree was 20 years ago. The second best time is now."
2026-02-11 02:54:06 UTC | Wednesday | "The only way to do great work is to love what you do."
2026-02-12 02:49:48 UTC | Thursday | "You miss 100% of the shots you don't take."
2026-02-13 02:50:05 UTC | Friday | "Simplicity is the ultimate sophistication."
2026-02-14 02:37:22 UTC | Saturday | "It always seems impossible until it's done."
2026-02-15 02:50:57 UTC | Sunday | "The early bird gets the worm, but the second mouse gets the cheese."
2026-02-16 02:46:26 UTC | Monday | "Programming is like writing a book, except if you miss a single comma on page 126, the whole thing makes no sense."
2026-02-17 02:42:51 UTC | Tuesday | "You miss 100% of the shots you don't take."
2026-02-18 02:46:11 UTC | Wednesday | "You miss 100% of the shots you don't take."
2026-02-19 02:45:11 UTC | Thursday | "You miss 100% of the shots you don't take."
2026-02-20 02:40:03 UTC | Friday | "The journey of a thousand miles begins with one step."
2026-02-21 02:33:29 UTC | Saturday | "Every day may not be good, but there is something good in every day."
2026-02-22 02:46:14 UTC | Sunday | "In a world where you can be anything, be kind."
2026-02-23 02:46:52 UTC | Monday | "Be the change that you wish to see in the world."
2026-02-24 02:43:35 UTC | Tuesday | "The only limit to our realization of tomorrow will be our doubts of today."
2026-02-25 02:44:28 UTC | Wednesday | "The best time to plant a tree was 20 years ago. The second best time is now."
2026-02-26 02:39:48 UTC | Thursday | "Programming is like writing a book, except if you miss a single comma on page 126, the whole thing makes no sense."
2026-02-27 02:38:28 UTC | Friday | "Simplicity is the ultimate sophistication."
2026-02-28 02:27:15 UTC | Saturday | "The early bird gets the worm, but the second mouse gets the cheese."
2026-03-01 02:53:23 UTC | Sunday | "The journey of a thousand miles begins with one step."
2026-03-02 02:41:19 UTC | Monday | "The purpose of our lives is to be happy."
2026-03-03 02:43:49 UTC | Tuesday | "The purpose of our lives is to be happy."
2026-03-04 02:36:15 UTC | Wednesday | "The journey of a thousand miles begins with one step."
2026-03-05 02:39:52 UTC | Thursday | "The only limit to our realization of tomorrow will be our doubts of today."
2026-03-06 02:36:52 UTC | Friday | "Be the change that you wish to see in the world."
2026-03-07 02:30:11 UTC | Saturday | "Be the change that you wish to see in the world."
2026-03-08 02:43:24 UTC | Sunday | "It always seems impossible until it's done."
2026-03-09 02:44:52 UTC | Monday | "The only way to do great work is to love what you do."
2026-03-10 02:35:42 UTC | Tuesday | "Don't watch the clock; do what it does. Keep going."
2026-03-11 02:34:57 UTC | Wednesday | "In a world where you can be anything, be kind."
2026-03-12 02:41:12 UTC | Thursday | "The journey of a thousand miles begins with one step."
2026-03-13 02:39:01 UTC | Friday | "Don't watch the clock; do what it does. Keep going."
2026-03-14 02:37:17 UTC | Saturday | "The early bird gets the worm, but the second mouse gets the cheese."
2026-03-15 03:15:21 UTC | Sunday | "The journey of a thousand miles begins with one step."
2026-03-16 03:17:31 UTC | Monday | "Life is what happens to you while you're busy making other plans."
2026-03-17 02:41:13 UTC | Tuesday | "The purpose of our lives is to be happy."
2026-03-18 02:47:39 UTC | Wednesday | "The early bird gets the worm, but the second mouse gets the cheese."
2026-03-19 02:49:15 UTC | Thursday | "Programming is like writing a book, except if you miss a single comma on page 126, the whole thing makes no sense."
2026-03-20 02:39:56 UTC | Friday | "It always seems impossible until it's done."
2026-03-21 02:33:22 UTC | Saturday | "It always seems impossible until it's done."
2026-03-22 02:49:48 UTC | Sunday | "Simplicity is the ultimate sophistication."
2026-03-23 02:49:58 UTC | Monday | "The early bird gets the worm, but the second mouse gets the cheese."
2026-03-24 02:41:32 UTC | Tuesday | "It always seems impossible until it's done."
2026-03-25 02:46:45 UTC | Wednesday | "You miss 100% of the shots you don't take."
2026-03-26 02:53:29 UTC | Thursday | "Life is what happens to you while you're busy making other plans."
2026-03-27 02:56:00 UTC | Friday | "Simplicity is the ultimate sophistication."
2026-03-28 02:45:34 UTC | Saturday | "You miss 100% of the shots you don't take."
2026-03-29 03:18:42 UTC | Sunday | "It always seems impossible until it's done."
2026-03-30 03:21:40 UTC | Monday | "The greatest glory in living lies not in never falling, but in rising every time we fall."
2026-03-31 02:54:51 UTC | Tuesday | "The greatest glory in living lies not in never falling, but in rising every time we fall."
2026-04-01 03:25:53 UTC | Wednesday | "The early bird gets the worm, but the second mouse gets the cheese."
2026-04-02 02:51:12 UTC | Thursday | "The greatest glory in living lies not in never falling, but in rising every time we fall."
2026-04-03 02:53:40 UTC | Friday | "You miss 100% of the shots you don't take."
2026-04-04 02:44:13 UTC | Saturday | "The mind is everything. What you think you become."
2026-04-05 03:20:34 UTC | Sunday | "The only limit to our realization of tomorrow will be our doubts of today."
2026-04-06 03:23:46 UTC | Monday | "Stay hungry, stay foolish."
2026-04-07 02:56:22 UTC | Tuesday | "The only way to do great work is to love what you do."
